<?xml version="1.0" encoding="utf-8"?><testsuites name="pytest tests"><testsuite name="pytest" errors="0" failures="0" skipped="0" tests="21" time="13.137" timestamp="2026-05-24T01:11:17.373371+00:00" hostname="agent-env-cb6b1eb9-ad1f-466f-91ff-2989b3371fb5"><testcase classname="test_smartclix_phase2.TestClientsCRUD" name="test_admin_create_client_auto_creates_workspace" time="0.556" /><testcase classname="test_smartclix_phase2.TestClientsCRUD" name="test_reviewer_cannot_create_client" time="0.419" /><testcase classname="test_smartclix_phase2.TestClientsCRUD" name="test_admin_list_includes_created_client" time="0.496" /><testcase classname="test_smartclix_phase2.TestClientsCRUD" name="test_get_client_returns_workspace_and_services" time="0.485" /><testcase classname="test_smartclix_phase2.TestClientsCRUD" name="test_patch_client_updates_fields" time="0.588" /><testcase classname="test_smartclix_phase2.TestClientsCRUD" name="test_status_paused_churned_active_transitions" time="0.639" /><testcase classname="test_smartclix_phase2.TestClientsCRUD" name="test_admin_hard_delete_removes_client_and_workspace" time="0.481" /><testcase classname="test_smartclix_phase2.TestWorkspaceServices" name="test_toggle_seo_social_on" time="0.498" /><testcase classname="test_smartclix_phase2.TestWorkspaceServices" name="test_toggle_on_generates_onboarding_items" time="0.541" /><testcase classname="test_smartclix_phase2.TestWorkspaceServices" name="test_toggle_off_purges_service_items_keeps_common" time="0.583" /><testcase classname="test_smartclix_phase2.TestWorkspaceServices" name="test_get_workspace" time="0.528" /><testcase classname="test_smartclix_phase2.TestOnboarding" name="test_list_groups_with_counts" time="0.725" /><testcase classname="test_smartclix_phase2.TestOnboarding" name="test_patch_item_marks_complete" time="0.594" /><testcase classname="test_smartclix_phase2.TestOnboarding" name="test_all_completed_flips_workspace_flag" time="1.050" /><testcase classname="test_smartclix_phase2.TestConnections" name="test_list_connections_returns_slots_per_enabled_service" time="0.538" /><testcase classname="test_smartclix_phase2.TestConnections" name="test_put_zernio_stores_encrypted_and_masks" time="0.536" /><testcase classname="test_smartclix_phase2.TestConnections" name="test_get_after_put_shows_connected_and_masked" time="0.595" /><testcase classname="test_smartclix_phase2.TestConnections" name="test_post_test_returns_ok_and_field_count" time="0.597" /><testcase classname="test_smartclix_phase2.TestConnections" name="test_delete_connection_returns_slot_to_not_configured" time="0.692" /><testcase classname="test_smartclix_phase2.TestConnections" name="test_reviewer_cannot_put_or_delete_connection" time="0.956" /><testcase classname="test_smartclix_phase2.TestReviewerScope" name="test_reviewer_sees_only_assigned_clients" time="0.970" /></testsuite></testsuites>