<?xml version="1.0" encoding="utf-8"?><testsuites name="pytest tests"><testsuite name="pytest" errors="0" failures="1" skipped="0" tests="12" time="4.573" timestamp="2026-05-24T00:40:23.439463+00:00" hostname="agent-env-cb6b1eb9-ad1f-466f-91ff-2989b3371fb5"><testcase classname="test_smartclix_phase1" name="test_health" time="0.113" /><testcase classname="test_smartclix_phase1.TestAuthFlow" name="test_admin_login_sets_cookies_and_returns_operator" time="0.369" /><testcase classname="test_smartclix_phase1.TestAuthFlow" name="test_me_returns_operator_via_cookie" time="0.445" /><testcase classname="test_smartclix_phase1.TestAuthFlow" name="test_login_wrong_password_returns_401" time="0.139" /><testcase classname="test_smartclix_phase1.TestAuthFlow" name="test_logout_clears_cookies" time="0.423" /><testcase classname="test_smartclix_phase1.TestAuthFlow" name="test_refresh_issues_new_access_token" time="0.457" /><testcase classname="test_smartclix_phase1.TestAuthFlow" name="test_forgot_password_generic_response" time="0.104" /><testcase classname="test_smartclix_phase1.TestBruteForce" name="test_lockout_after_5_failures" time="0.345"><failure message="AssertionError: Expected 429 lockout, got 401 {&quot;detail&quot;:&quot;Incorrect email or password. Try again.&quot;}&#10;assert 401 == 429&#10; +  where 401 = &lt;Response [401]&gt;.status_code">test_smartclix_phase1.py:81: in test_lockout_after_5_failures
    assert r.status_code == 429, f"Expected 429 lockout, got {r.status_code} {r.text}"
E   AssertionError: Expected 429 lockout, got 401 {"detail":"Incorrect email or password. Try again."}
E   assert 401 == 429
E    +  where 401 = &lt;Response [401]&gt;.status_code</failure></testcase><testcase classname="test_smartclix_phase1.TestOperatorsCRUD" name="test_admin_can_list_operators" time="0.462" /><testcase classname="test_smartclix_phase1.TestOperatorsCRUD" name="test_reviewer_forbidden_from_list" time="0.405" /><testcase classname="test_smartclix_phase1.TestOperatorsCRUD" name="test_admin_create_update_delete_operator" time="0.837" /><testcase classname="test_smartclix_phase1.TestOperatorsCRUD" name="test_admin_cannot_delete_self" time="0.420" /></testsuite></testsuites>